<?xml version="1.0" encoding="UTF-8"?>
<!-- Generated by org.testng.reporters.JUnitXMLReporter -->
<testsuite ignored="0" hostname="VIVEK" failures="0" tests="15" name="Default test" time="30.762" errors="0" timestamp="2023-09-20T17:51:36 IST">
  <testcase classname="api.test.UserTest" name="testPostUser" time="4.522"/>
  <testcase classname="api.test.UserTest" name="testreadUser" time="1.683"/>
  <testcase classname="api.test.UserTest" name="updateUser" time="2.057"/>
  <testcase classname="api.test.UserTest" name="deleteUser" time="1.596"/>
  <testcase classname="api.test.DDTest" name="testPostuser" time="1.641"/>
  <testcase classname="api.test.DDTest" name="testPostuser" time="1.605"/>
  <testcase classname="api.test.DDTest" name="testPostuser" time="1.584"/>
  <testcase classname="api.test.DDTest" name="testDeleteUserByName" time="1.653"/>
  <testcase classname="api.test.DDTest" name="testDeleteUserByName" time="1.755"/>
  <testcase classname="api.test.DDTest" name="testDeleteUserByName" time="1.597"/>
  <testcase classname="api.test.UserTest2" name="testPostUser" time="1.836"/>
  <testcase classname="api.test.UserTest2" name="testGetUserByName" time="1.591"/>
  <testcase classname="api.test.UserTest2" name="testUpdateUserByName" time="3.195"/>
  <testcase classname="api.test.UserTest2" name="testDeleteUserByName" time="1.775"/>
  <testcase classname="api.utilities.ExtentReport" name="onStart" time="0.292"/>
</testsuite> <!-- Default test -->
