<?xml version="1.0" encoding="UTF-8"?>
<testng-results ignored="0" total="15" passed="15" failed="0" skipped="0">
  <reporter-output>
  </reporter-output>
  <suite started-at="2023-09-20T17:51:05 IST" name="Default suite" finished-at="2023-09-20T17:51:36 IST" duration-ms="30762">
    <groups>
    </groups>
    <test started-at="2023-09-20T17:51:05 IST" name="Default test" finished-at="2023-09-20T17:51:36 IST" duration-ms="30762">
      <class name="api.test.UserTest">
        <test-method is-config="true" signature="setupData()[pri:0, instance:api.test.UserTest@74d1dc36]" started-at="2023-09-20T17:51:05 IST" name="setupData" finished-at="2023-09-20T17:51:05 IST" duration-ms="336" status="PASS">
          <reporter-output>
          </reporter-output>
        </test-method> <!-- setupData -->
        <test-method signature="testPostUser()[pri:1, instance:api.test.UserTest@74d1dc36]" started-at="2023-09-20T17:51:05 IST" name="testPostUser" finished-at="2023-09-20T17:51:10 IST" duration-ms="4522" status="PASS">
          <reporter-output>
          </reporter-output>
        </test-method> <!-- testPostUser -->
        <test-method signature="testreadUser()[pri:2, instance:api.test.UserTest@74d1dc36]" started-at="2023-09-20T17:51:10 IST" name="testreadUser" finished-at="2023-09-20T17:51:12 IST" duration-ms="1683" status="PASS">
          <reporter-output>
          </reporter-output>
        </test-method> <!-- testreadUser -->
        <test-method signature="updateUser()[pri:3, instance:api.test.UserTest@74d1dc36]" started-at="2023-09-20T17:51:12 IST" name="updateUser" finished-at="2023-09-20T17:51:14 IST" duration-ms="2057" status="PASS">
          <reporter-output>
          </reporter-output>
        </test-method> <!-- updateUser -->
        <test-method signature="deleteUser()[pri:4, instance:api.test.UserTest@74d1dc36]" started-at="2023-09-20T17:51:14 IST" name="deleteUser" finished-at="2023-09-20T17:51:15 IST" duration-ms="1596" status="PASS">
          <reporter-output>
          </reporter-output>
        </test-method> <!-- deleteUser -->
      </class> <!-- api.test.UserTest -->
      <class name="api.test.DDTest">
        <test-method signature="testPostuser(java.lang.String,java.lang.String,java.lang.String,java.lang.String,java.lang.String,java.lang.String,java.lang.String)[pri:1, instance:api.test.DDTest@6bbe85a8]" started-at="2023-09-20T17:51:17 IST" name="testPostuser" data-provider="Data" finished-at="2023-09-20T17:51:19 IST" duration-ms="1641" status="PASS">
          <params>
            <param index="0">
              <value>
                <![CDATA[1010]]>
              </value>
            </param>
            <param index="1">
              <value>
                <![CDATA[testuser1]]>
              </value>
            </param>
            <param index="2">
              <value>
                <![CDATA[John]]>
              </value>
            </param>
            <param index="3">
              <value>
                <![CDATA[Canedy]]>
              </value>
            </param>
            <param index="4">
              <value>
                <![CDATA[a@gmail.com]]>
              </value>
            </param>
            <param index="5">
              <value>
                <![CDATA[test@1]]>
              </value>
            </param>
            <param index="6">
              <value>
                <![CDATA[1234567897]]>
              </value>
            </param>
          </params>
          <reporter-output>
          </reporter-output>
        </test-method> <!-- testPostuser -->
        <test-method signature="testPostuser(java.lang.String,java.lang.String,java.lang.String,java.lang.String,java.lang.String,java.lang.String,java.lang.String)[pri:1, instance:api.test.DDTest@6bbe85a8]" started-at="2023-09-20T17:51:19 IST" name="testPostuser" data-provider="Data" finished-at="2023-09-20T17:51:20 IST" duration-ms="1605" status="PASS">
          <params>
            <param index="0">
              <value>
                <![CDATA[1020]]>
              </value>
            </param>
            <param index="1">
              <value>
                <![CDATA[testuser2]]>
              </value>
            </param>
            <param index="2">
              <value>
                <![CDATA[Kim]]>
              </value>
            </param>
            <param index="3">
              <value>
                <![CDATA[Kom]]>
              </value>
            </param>
            <param index="4">
              <value>
                <![CDATA[b@gmail.com]]>
              </value>
            </param>
            <param index="5">
              <value>
                <![CDATA[test@2]]>
              </value>
            </param>
            <param index="6">
              <value>
                <![CDATA[1234567897]]>
              </value>
            </param>
          </params>
          <reporter-output>
          </reporter-output>
        </test-method> <!-- testPostuser -->
        <test-method signature="testPostuser(java.lang.String,java.lang.String,java.lang.String,java.lang.String,java.lang.String,java.lang.String,java.lang.String)[pri:1, instance:api.test.DDTest@6bbe85a8]" started-at="2023-09-20T17:51:20 IST" name="testPostuser" data-provider="Data" finished-at="2023-09-20T17:51:22 IST" duration-ms="1584" status="PASS">
          <params>
            <param index="0">
              <value>
                <![CDATA[1030]]>
              </value>
            </param>
            <param index="1">
              <value>
                <![CDATA[testuser3]]>
              </value>
            </param>
            <param index="2">
              <value>
                <![CDATA[Smith]]>
              </value>
            </param>
            <param index="3">
              <value>
                <![CDATA[Steve]]>
              </value>
            </param>
            <param index="4">
              <value>
                <![CDATA[c@gmail.com]]>
              </value>
            </param>
            <param index="5">
              <value>
                <![CDATA[test@3]]>
              </value>
            </param>
            <param index="6">
              <value>
                <![CDATA[1234567897]]>
              </value>
            </param>
          </params>
          <reporter-output>
          </reporter-output>
        </test-method> <!-- testPostuser -->
        <test-method signature="testDeleteUserByName(java.lang.String)[pri:2, instance:api.test.DDTest@6bbe85a8]" started-at="2023-09-20T17:51:22 IST" name="testDeleteUserByName" data-provider="UserNames" finished-at="2023-09-20T17:51:23 IST" duration-ms="1653" status="PASS">
          <params>
            <param index="0">
              <value>
                <![CDATA[testuser1]]>
              </value>
            </param>
          </params>
          <reporter-output>
          </reporter-output>
        </test-method> <!-- testDeleteUserByName -->
        <test-method signature="testDeleteUserByName(java.lang.String)[pri:2, instance:api.test.DDTest@6bbe85a8]" started-at="2023-09-20T17:51:23 IST" name="testDeleteUserByName" data-provider="UserNames" finished-at="2023-09-20T17:51:25 IST" duration-ms="1755" status="PASS">
          <params>
            <param index="0">
              <value>
                <![CDATA[testuser2]]>
              </value>
            </param>
          </params>
          <reporter-output>
          </reporter-output>
        </test-method> <!-- testDeleteUserByName -->
        <test-method signature="testDeleteUserByName(java.lang.String)[pri:2, instance:api.test.DDTest@6bbe85a8]" started-at="2023-09-20T17:51:25 IST" name="testDeleteUserByName" data-provider="UserNames" finished-at="2023-09-20T17:51:27 IST" duration-ms="1597" status="PASS">
          <params>
            <param index="0">
              <value>
                <![CDATA[testuser3]]>
              </value>
            </param>
          </params>
          <reporter-output>
          </reporter-output>
        </test-method> <!-- testDeleteUserByName -->
      </class> <!-- api.test.DDTest -->
      <class name="api.test.UserTest2">
        <test-method is-config="true" signature="setup()[pri:0, instance:api.test.UserTest2@3a7442c7]" started-at="2023-09-20T17:51:27 IST" name="setup" finished-at="2023-09-20T17:51:27 IST" duration-ms="84" status="PASS">
          <reporter-output>
          </reporter-output>
        </test-method> <!-- setup -->
        <test-method signature="testPostUser()[pri:1, instance:api.test.UserTest2@3a7442c7]" started-at="2023-09-20T17:51:27 IST" name="testPostUser" finished-at="2023-09-20T17:51:29 IST" duration-ms="1836" status="PASS">
          <reporter-output>
          </reporter-output>
        </test-method> <!-- testPostUser -->
        <test-method signature="testGetUserByName()[pri:2, instance:api.test.UserTest2@3a7442c7]" started-at="2023-09-20T17:51:29 IST" name="testGetUserByName" finished-at="2023-09-20T17:51:30 IST" duration-ms="1591" status="PASS">
          <reporter-output>
          </reporter-output>
        </test-method> <!-- testGetUserByName -->
        <test-method signature="testUpdateUserByName()[pri:3, instance:api.test.UserTest2@3a7442c7]" started-at="2023-09-20T17:51:30 IST" name="testUpdateUserByName" finished-at="2023-09-20T17:51:34 IST" duration-ms="3195" status="PASS">
          <reporter-output>
          </reporter-output>
        </test-method> <!-- testUpdateUserByName -->
        <test-method signature="testDeleteUserByName()[pri:4, instance:api.test.UserTest2@3a7442c7]" started-at="2023-09-20T17:51:34 IST" name="testDeleteUserByName" finished-at="2023-09-20T17:51:35 IST" duration-ms="1775" status="PASS">
          <reporter-output>
          </reporter-output>
        </test-method> <!-- testDeleteUserByName -->
      </class> <!-- api.test.UserTest2 -->
      <class name="api.utilities.ExtentReport">
        <test-method signature="onStart(org.testng.ITestContext)[pri:0, instance:api.utilities.ExtentReport@548d708a]" started-at="2023-09-20T17:51:35 IST" name="onStart" finished-at="2023-09-20T17:51:36 IST" duration-ms="292" status="PASS">
          <params>
            <param index="0">
              <value>
                <![CDATA[org.testng.TestRunner@7a925ac4]]>
              </value>
            </param>
          </params>
          <reporter-output>
          </reporter-output>
        </test-method> <!-- onStart -->
      </class> <!-- api.utilities.ExtentReport -->
    </test> <!-- Default test -->
  </suite> <!-- Default suite -->
</testng-results>
