<?xml version="1.0" encoding="UTF-8"?>
<!-- Generated by org.testng.reporters.JUnitXMLReporter -->
<testsuite ignored="0" hostname="HISPLs-Mac-mini.local" failures="0" tests="14" name="Test" time="21.335" errors="0" timestamp="2024-06-29T16:34:15 IST">
  <testcase classname="api.test.UserTest" name="testPostUser" time="4.1"/>
  <testcase classname="api.test.UserTest" name="testreadUser" time="1.196"/>
  <testcase classname="api.test.UserTest" name="updateUser" time="1.173"/>
  <testcase classname="api.test.UserTest" name="deleteUser" time="1.208"/>
  <testcase classname="api.test.UserTest2" name="testPostUser" time="1.164"/>
  <testcase classname="api.test.UserTest2" name="testGetUserByName" time="1.183"/>
  <testcase classname="api.test.UserTest2" name="testUpdateUserByName" time="2.379"/>
  <testcase classname="api.test.UserTest2" name="testDeleteUserByName" time="1.169"/>
  <testcase classname="api.test.DDTest" name="testPostuser" time="1.167"/>
  <testcase classname="api.test.DDTest" name="testPostuser" time="1.201"/>
  <testcase classname="api.test.DDTest" name="testPostuser" time="1.182"/>
  <testcase classname="api.test.DDTest" name="testDeleteUserByName" time="1.155"/>
  <testcase classname="api.test.DDTest" name="testDeleteUserByName" time="1.195"/>
  <testcase classname="api.test.DDTest" name="testDeleteUserByName" time="1.188"/>
</testsuite> <!-- Test -->
